<?xml version="1.0" encoding="UTF-8"?>
<testng-results ignored="0" total="2" passed="2" failed="0" skipped="0">
  <reporter-output>
  </reporter-output>
  <suite started-at="2024-12-01T23:42:27 SGT" name="CacuateShippingRatelSuite" finished-at="2024-12-01T23:42:42 SGT" duration-ms="14869">
    <groups>
    </groups>
    <test started-at="2024-12-01T23:42:27 SGT" name="CacuateShippingRateTest" finished-at="2024-12-01T23:42:42 SGT" duration-ms="14869">
      <class name="com.Tests.caluculateRate">
        <test-method is-config="true" signature="LaunchBrowser()[pri:0, instance:com.Tests.caluculateRate@48075da3]" started-at="2024-12-01T23:42:27 SGT" name="LaunchBrowser" finished-at="2024-12-01T23:42:39 SGT" duration-ms="11722" status="PASS">
          <reporter-output>
          </reporter-output>
        </test-method> <!-- LaunchBrowser -->
        <test-method signature="CaluclateRate()[pri:0, instance:com.Tests.caluculateRate@48075da3]" started-at="2024-12-01T23:42:39 SGT" name="CaluclateRate" finished-at="2024-12-01T23:42:41 SGT" duration-ms="2338" status="PASS">
          <reporter-output>
          </reporter-output>
        </test-method> <!-- CaluclateRate -->
        <test-method signature="VerifyQuotes()[pri:0, instance:com.Tests.caluculateRate@48075da3]" started-at="2024-12-01T23:42:41 SGT" name="VerifyQuotes" finished-at="2024-12-01T23:42:41 SGT" duration-ms="378" status="PASS">
          <reporter-output>
          </reporter-output>
        </test-method> <!-- VerifyQuotes -->
        <test-method is-config="true" signature="TearDown()[pri:0, instance:com.Tests.caluculateRate@48075da3]" started-at="2024-12-01T23:42:41 SGT" name="TearDown" finished-at="2024-12-01T23:42:42 SGT" duration-ms="317" status="PASS">
          <reporter-output>
          </reporter-output>
        </test-method> <!-- TearDown -->
      </class> <!-- com.Tests.caluculateRate -->
    </test> <!-- CacuateShippingRateTest -->
  </suite> <!-- CacuateShippingRatelSuite -->
</testng-results>
